Arguments: 
  /usr/local/Cellar/node/9.8.0/bin/node /usr/local/Cellar/yarn/1.5.1_1/libexec/bin/yarn.js run test

PATH: 
  /Users/paulh16/google-cloud-sdk/bin:/Users/paulh16/.bin:/usr/local/bin:/usr/local/heroku/bin:/usr/local/sbin:/usr/bin:/usr/sbin:/bin:/sbin:/Users/paulh16/thoughtbot/dotfiles/bin:/usr/local/go/bin

Yarn version: 
  1.5.1

Node version: 
  9.8.0

Platform: 
  darwin x64

npm manifest: 
  {
    "name": "exercism-javascript",
    "version": "0.0.0",
    "description": "Exercism exercises in Javascript.",
    "author": "Katrina Owen",
    "private": true,
    "repository": {
      "type": "git",
      "url": "https://github.com/exercism/javascript"
    },
    "devDependencies": {
      "babel-eslint": "^10.0.1",
      "babel-jest": "^23.6.0",
      "babel-plugin-transform-builtin-extend": "^1.1.2",
      "babel-preset-env": "^1.7.0",
      "eslint": "^5.12.1",
      "eslint-config-airbnb-base": "^13.1.0",
      "eslint-plugin-import": "^2.15.0",
      "jest": "^23.6.0"
    },
    "jest": {
      "modulePathIgnorePatterns": [
        "package.json"
      ]
    },
    "babel": {
      "presets": [
        [
          "env",
          {
            "targets": [
              {
                "node": "current"
              }
            ]
          }
        ]
      ],
      "plugins": [
        [
          "babel-plugin-transform-builtin-extend",
          {
            "globals": [
              "Error"
            ]
          }
        ],
        [
          "transform-regenerator"
        ]
      ]
    },
    "scripts": {
      "test": "jest --no-cache ./*",
      "watch": "jest --no-cache --watch ./*",
      "lint": "eslint .",
      "lint-test": "eslint . && jest --no-cache ./* "
    },
    "eslintConfig": {
      "parser": "babel-eslint",
      "parserOptions": {
        "ecmaVersion": 7,
        "sourceType": "module"
      },
      "env": {
        "es6": true,
        "node": true,
        "jest": true
      },
      "extends": "airbnb-base",
      "rules": {
        "import/no-unresolved": "off",
        "import/extensions": "off",
        "import/prefer-default-export": "off",
        "import/no-default-export": "off"
      }
    },
    "license": "MIT",
    "dependencies": {}
  }

yarn manifest: 
  No manifest

Lockfile: 
  No lockfile

Trace: 
  Error: Command failed.
  Exit code: 1
  Command: sh
  Arguments: -c jest --no-cache ./*
  Directory: /Users/paulh16/Exercism/javascript/two-fer
  Output:
  
      at ProcessTermError.MessageError (/usr/local/Cellar/yarn/1.5.1_1/libexec/lib/cli.js:186:110)
      at new ProcessTermError (/usr/local/Cellar/yarn/1.5.1_1/libexec/lib/cli.js:226:113)
      at ChildProcess.<anonymous> (/usr/local/Cellar/yarn/1.5.1_1/libexec/lib/cli.js:30281:17)
      at ChildProcess.emit (events.js:180:13)
      at maybeClose (internal/child_process.js:936:16)
      at Process.ChildProcess._handle.onexit (internal/child_process.js:220:5)
